<?xml version="1.0" encoding="UTF-8"?>
<!-- Generated by org.testng.reporters.JUnitReportReporter -->
<testsuite hostname="DESKTOP-TAUN96S" failures="0" tests="3" name="com.qa.opencart.tests.AccountsPageTest" time="0.139" errors="0" timestamp="2023-10-25T05:33:53 IST" skipped="0">
  <testcase classname="com.qa.opencart.tests.AccountsPageTest" name="getAccountPageheaderListTest" time="0.103"/>
  <system-out/>
  <testcase classname="com.qa.opencart.tests.AccountsPageTest" name="AccountPageTitleTest" time="0.022"/>
  <system-out/>
  <testcase classname="com.qa.opencart.tests.AccountsPageTest" name="AccountPageUrlTest" time="0.014"/>
  <system-out/>
</testsuite> <!-- com.qa.opencart.tests.AccountsPageTest -->
