<?xml version="1.0" encoding="UTF-8"?>
<!-- Generated by org.testng.reporters.JUnitReportReporter -->
<testsuite hostname="DESKTOP-TAUN96S" failures="0" tests="4" name="com.qa.opencart.tests.LoginPageTest" time="0.700" errors="0" timestamp="2023-10-25T05:32:28 IST" skipped="0">
  <testcase classname="com.qa.opencart.tests.LoginPageTest" name="forgotPwrdLinkTest" time="0.036"/>
  <system-out/>
  <testcase classname="com.qa.opencart.tests.LoginPageTest" name="loginPageURLTest" time="0.018"/>
  <system-out/>
  <testcase classname="com.qa.opencart.tests.LoginPageTest" name="RightColumnlinksclickableTest" time="0.626"/>
  <system-out/>
  <testcase classname="com.qa.opencart.tests.LoginPageTest" name="loginPageTitleTest" time="0.020"/>
  <system-out/>
</testsuite> <!-- com.qa.opencart.tests.LoginPageTest -->
